2024-05-15 20:26:59,449 INFO notifyConnectTimeout:200

2024-05-15 20:26:59,454 INFO notifySocketTimeout:8000

2024-05-15 20:26:59,454 INFO isHealthCheck:true

2024-05-15 20:26:59,454 INFO maxHealthCheckFailCount:12

2024-05-15 20:26:59,454 INFO maxContent:10485760

2024-05-15 20:27:30,597 INFO notifyConnectTimeout:200

2024-05-15 20:27:30,600 INFO notifySocketTimeout:8000

2024-05-15 20:27:30,600 INFO isHealthCheck:true

2024-05-15 20:27:30,600 INFO maxHealthCheckFailCount:12

2024-05-15 20:27:30,600 INFO maxContent:10485760

2024-05-15 20:29:31,728 INFO notifyConnectTimeout:200

2024-05-15 20:29:31,731 INFO notifySocketTimeout:8000

2024-05-15 20:29:31,731 INFO isHealthCheck:true

2024-05-15 20:29:31,741 INFO maxHealthCheckFailCount:12

2024-05-15 20:29:31,741 INFO maxContent:10485760

2024-05-15 20:29:37,525 WARN DumpService start

2024-05-15 20:29:37,526 INFO start clear all config-info.

2024-05-15 20:29:37,527 WARN clear all config-info failed.

2024-05-15 20:29:37,527 WARN clear all config-info-tenant failed.

2024-05-15 20:29:37,558 INFO [all-dump] 1 / 1

2024-05-15 20:29:37,558 INFO start clear all config-info-beta.

2024-05-15 20:29:37,558 WARN clear all config-info-beta failed.

2024-05-15 20:29:37,558 WARN clear all config-info-beta-tenant failed.

2024-05-15 20:29:37,559 INFO start clear all config-info-tag.

2024-05-15 20:29:37,560 WARN clear all config-info-tag failed.

2024-05-15 20:29:37,560 WARN clear all config-info-tag-tenant failed.

2024-05-15 20:29:37,565 WARN initialDelay:205

