2024-05-15 20:34:21,975 INFO raft peers changed: [Member{ip='192.168.63.1', port=8842, state=UP, extendInfo={raftPort=7842, version=1.4.1}}]

2024-05-15 20:34:22,003 INFO initializing Raft sub-system

2024-05-15 20:34:22,006 INFO finish loading all datums, size: 0 cost 2 ms.

2024-05-15 20:34:22,010 INFO cache loaded, datum count: 0, current term: 0

2024-05-15 20:34:22,010 INFO finish to load data from disk, cost: 6 ms.

2024-05-15 20:34:22,013 INFO timer started: leader timeout ms: 15000, heart-beat timeout ms: 5000

2024-05-15 20:34:23,727 INFO add listener: com.alibaba.nacos.naming.domains.meta.00-00---000-NACOS_SWITCH_DOMAIN-000---00-00

2024-05-15 20:34:23,747 INFO add listener: com.alibaba.nacos.naming.domains.meta.

2024-05-15 20:34:26,968 WARN start to close old raft protocol!!!

2024-05-15 20:34:26,968 WARN stop old raft protocol task for notifier

2024-05-15 20:34:26,968 WARN stop old raft protocol task for master task

2024-05-15 20:34:26,968 WARN stop old raft protocol task for heartbeat task

2024-05-15 20:34:26,968 WARN clean old cache datum for old raft

2024-05-15 20:34:26,968 WARN start to close old raft protocol!!!

2024-05-15 20:34:26,968 WARN stop old raft protocol task for notifier

2024-05-15 20:34:26,968 WARN stop old raft protocol task for master task

2024-05-15 20:34:26,968 WARN stop old raft protocol task for heartbeat task

2024-05-15 20:34:26,968 WARN clean old cache datum for old raft

2024-05-15 20:34:26,968 WARN start to move old raft protocol metadata

2024-05-15 20:34:26,968 WARN start to move old raft protocol metadata

2024-05-15 20:36:39,665 INFO add listener: com.alibaba.nacos.naming.iplist.public##DEFAULT_GROUP@@uservices

2024-05-15 20:36:52,333 INFO add listener: com.alibaba.nacos.naming.iplist.public##DEFAULT_GROUP@@orderserver

2024-05-15 20:37:52,407 INFO add listener: com.alibaba.nacos.naming.iplist.public##DEFAULT_GROUP@@gateway

